::1 - - [18/Jun/2022:16:10:47 +0000] "GET /api/v1/categories/62ad8cc81f2dca3be8987d81 HTTP/1.1" 400 71 "-" "PostmanRuntime/7.29.0"
::1 - - [18/Jun/2022:16:11:00 +0000] "GET /api/v1/categories/62ad8cc81f2dca3be8987d80 HTTP/1.1" 200 182 "-" "PostmanRuntime/7.29.0"
::1 - - [18/Jun/2022:16:18:55 +0000] "DELETE /api/v1/categories/1231 HTTP/1.1" 400 256 "-" "PostmanRuntime/7.29.0"
::1 - - [18/Jun/2022:16:19:22 +0000] "DELETE /api/v1/categories/62ad8df75764439218aba813 HTTP/1.1" 200 180 "-" "PostmanRuntime/7.29.0"
::1 - - [18/Jun/2022:16:19:26 +0000] "GET /api/v1/categories HTTP/1.1" 200 184 "-" "PostmanRuntime/7.29.0"
::1 - - [18/Jun/2022:16:20:28 +0000] "DELETE /api/v1/categories/62ad8df75764439218aba811 HTTP/1.1" 400 71 "-" "PostmanRuntime/7.29.0"
::1 - - [18/Jun/2022:16:27:53 +0000] "PUT /api/v1/categories/12 HTTP/1.1" 400 250 "-" "PostmanRuntime/7.29.0"
::1 - - [18/Jun/2022:16:28:08 +0000] "PUT /api/v1/categories/62ad8cc81f2dca3be8987d80 HTTP/1.1" 200 178 "-" "PostmanRuntime/7.29.0"
::1 - - [18/Jun/2022:16:28:29 +0000] "GET /api/v1/categories HTTP/1.1" 200 180 "-" "PostmanRuntime/7.29.0"
::1 - - [18/Jun/2022:16:29:06 +0000] "PUT /api/v1/categories/62ad8cc81f2dca3be8987d80 HTTP/1.1" 200 178 "-" "PostmanRuntime/7.29.0"
::1 - - [18/Jun/2022:16:29:10 +0000] "GET /api/v1/categories HTTP/1.1" 200 180 "-" "PostmanRuntime/7.29.0"
::1 - - [18/Jun/2022:16:29:44 +0000] "PUT /api/v1/categories/62ad8cc81f2dca3be8987d80 HTTP/1.1" 400 790 "-" "PostmanRuntime/7.29.0"
::1 - - [18/Jun/2022:16:30:04 +0000] "PUT /api/v1/categories/62ad8cc81f2dca3be8987d80 HTTP/1.1" 200 178 "-" "PostmanRuntime/7.29.0"
::1 - - [18/Jun/2022:16:30:38 +0000] "PUT /api/v1/categories/62ad8cc81f2dca3be8987d80 HTTP/1.1" 200 179 "-" "PostmanRuntime/7.29.0"
::1 - - [18/Jun/2022:16:30:47 +0000] "PUT /api/v1/categories/62ad8cc81f2dca3be8987d80 HTTP/1.1" 200 181 "-" "PostmanRuntime/7.29.0"
::1 - - [18/Jun/2022:16:31:02 +0000] "PUT /api/v1/categories/62ad8cc81f2dca3be8987d82 HTTP/1.1" 400 71 "-" "PostmanRuntime/7.29.0"
::1 - - [18/Jun/2022:16:31:07 +0000] "PUT /api/v1/categories/62ad8cc81f2dca3be8987d80 HTTP/1.1" 200 181 "-" "PostmanRuntime/7.29.0"
::1 - - [18/Jun/2022:16:31:53 +0000] "POST /api/v1/categories HTTP/1.1" 200 170 "-" "PostmanRuntime/7.29.0"
::1 - - [18/Jun/2022:16:31:57 +0000] "GET /api/v1/categories HTTP/1.1" 200 330 "-" "PostmanRuntime/7.29.0"
::1 - - [18/Jun/2022:16:45:27 +0000] "GET /api/v1/categories/62ad8cc81f2dca3be8987d81 HTTP/1.1" 400 71 "-" "PostmanRuntime/7.29.0"
::1 - - [18/Jun/2022:16:45:33 +0000] "GET /api/v1/categories/62ad8cc81f2dca3be8987d80 HTTP/1.1" 200 181 "-" "PostmanRuntime/7.29.0"
::1 - - [18/Jun/2022:16:45:46 +0000] "DELETE /api/v1/categories/62ad8df75764439218aba811 HTTP/1.1" 400 71 "-" "PostmanRuntime/7.29.0"
::1 - - [19/Jun/2022:10:52:58 +0000] "GET /api/v1/categories/62ad8cc81f2dca3be8987d80 HTTP/1.1" 200 181 "-" "PostmanRuntime/7.29.0"
::1 - - [19/Jun/2022:10:53:03 +0000] "GET /api/v1/categories/62ad8cc81f2dca3be8987d81 HTTP/1.1" 400 73 "-" "PostmanRuntime/7.29.0"
::1 - - [19/Jun/2022:10:54:40 +0000] "GET /api/v1/categories/62ad8cc81f2dca3be8987d81 HTTP/1.1" 400 74 "-" "PostmanRuntime/7.29.0"
::1 - - [19/Jun/2022:10:54:41 +0000] "GET /api/v1/categories/62ad8cc81f2dca3be8987d81 HTTP/1.1" 400 74 "-" "PostmanRuntime/7.29.0"
::1 - - [19/Jun/2022:10:54:42 +0000] "GET /api/v1/categories/62ad8cc81f2dca3be8987d81 HTTP/1.1" 400 74 "-" "PostmanRuntime/7.29.0"
::1 - - [19/Jun/2022:10:54:43 +0000] "GET /api/v1/categories/62ad8cc81f2dca3be8987d81 HTTP/1.1" 400 74 "-" "PostmanRuntime/7.29.0"
::1 - - [19/Jun/2022:10:55:05 +0000] "GET /api/v1/categories/62ad8cc81f2dca3be8987d81 HTTP/1.1" 400 74 "-" "PostmanRuntime/7.29.0"
::1 - - [19/Jun/2022:11:14:08 +0000] "GET /api/v1/categories HTTP/1.1" 200 330 "-" "PostmanRuntime/7.29.0"
::1 - - [19/Jun/2022:11:16:23 +0000] "GET /api/v1/categories/62ad8cc81f2dca3be8987d81 HTTP/1.1" 400 74 "-" "PostmanRuntime/7.29.0"
::1 - - [19/Jun/2022:11:16:29 +0000] "GET /api/v1/categories/62ad8cc81f2dca3be8987d80 HTTP/1.1" 200 181 "-" "PostmanRuntime/7.29.0"
::1 - - [19/Jun/2022:11:16:45 +0000] "GET /api/v1/categories HTTP/1.1" 200 330 "-" "PostmanRuntime/7.29.0"
::1 - - [19/Jun/2022:11:25:00 +0000] "GET /api/v1/categories HTTP/1.1" 200 330 "-" "PostmanRuntime/7.29.0"
::1 - - [19/Jun/2022:11:25:03 +0000] "GET /api/v1/categories/62ad8cc81f2dca3be8987d80 HTTP/1.1" 200 181 "-" "PostmanRuntime/7.29.0"
::1 - - [19/Jun/2022:11:25:07 +0000] "GET /api/v1/categories/62ad8cc81f2dca3be8987d81 HTTP/1.1" 400 74 "-" "PostmanRuntime/7.29.0"
::1 - - [19/Jun/2022:11:47:56 +0000] "GET /api/v1/categories/62ad8cc81f2dca3be8987d81 HTTP/1.1" 400 74 "-" "PostmanRuntime/7.29.0"
::1 - - [19/Jun/2022:11:48:02 +0000] "GET /api/v1/categories/62ad8cc81f2dca3be8987d811 HTTP/1.1" 400 144 "-" "PostmanRuntime/7.29.0"
::1 - - [19/Jun/2022:11:48:26 +0000] "GET /api/v1/categories/62ad8cc81f2dca3be8987d811 HTTP/1.1" 400 144 "-" "PostmanRuntime/7.29.0"
::1 - - [19/Jun/2022:11:48:55 +0000] "GET /api/v1/categories/62ad8cc81f2dca3be8987d81 HTTP/1.1" 400 74 "-" "PostmanRuntime/7.29.0"
::1 - - [19/Jun/2022:11:49:08 +0000] "GET /api/v1/categories/62ad8cc81f2dca3be8987d8 HTTP/1.1" 400 142 "-" "PostmanRuntime/7.29.0"
::1 - - [19/Jun/2022:11:49:57 +0000] "GET /api/v1/categories/62ad8cc81f2dca3be8987d8 HTTP/1.1" 500 142 "-" "PostmanRuntime/7.29.0"
::1 - - [19/Jun/2022:11:50:24 +0000] "GET /api/v1/categories/62ad8cc81f2dca3be8987d8 HTTP/1.1" 500 142 "-" "PostmanRuntime/7.29.0"
::1 - - [19/Jun/2022:11:51:08 +0000] "GET /api/v1/categories/62ad8cc81f2dca3be8987d8 HTTP/1.1" 400 54 "-" "PostmanRuntime/7.29.0"
::1 - - [19/Jun/2022:11:51:12 +0000] "GET /api/v1/categories/62ad8cc81f2dca3be8987d811 HTTP/1.1" 400 54 "-" "PostmanRuntime/7.29.0"
::1 - - [19/Jun/2022:17:17:57 +0000] "POST /api/v1/categories HTTP/1.1" 400 170 "-" "PostmanRuntime/7.29.0"
::1 - - [19/Jun/2022:17:18:21 +0000] "POST /api/v1/categories HTTP/1.1" 200 163 "-" "PostmanRuntime/7.29.0"
::1 - - [19/Jun/2022:17:18:39 +0000] "POST /api/v1/categories HTTP/1.1" 200 163 "-" "PostmanRuntime/7.29.0"
::1 - - [19/Jun/2022:17:19:03 +0000] "POST /api/v1/categories HTTP/1.1" 200 161 "-" "PostmanRuntime/7.29.0"
::1 - - [19/Jun/2022:17:19:08 +0000] "POST /api/v1/categories HTTP/1.1" 400 163 "-" "PostmanRuntime/7.29.0"
::1 - - [20/Jun/2022:17:10:51 +0000] "GET /api/v1/categories HTTP/1.1" 200 748 "-" "PostmanRuntime/7.29.0"
::1 - - [20/Jun/2022:17:34:12 +0000] "GET /api/v1/categories HTTP/1.1" 200 748 "-" "PostmanRuntime/7.29.0"
::1 - - [20/Jun/2022:17:34:15 +0000] "GET /api/v1/categories HTTP/1.1" 200 748 "-" "PostmanRuntime/7.29.0"
::1 - - [20/Jun/2022:17:38:32 +0000] "GET /api/v1/categories HTTP/1.1" 200 26 "-" "PostmanRuntime/7.29.0"
::1 - - [20/Jun/2022:17:39:41 +0000] "GET /api/v1/categories HTTP/1.1" 200 748 "-" "PostmanRuntime/7.29.0"
::1 - - [20/Jun/2022:17:43:15 +0000] "GET /api/v1/categories HTTP/1.1" 200 748 "-" "PostmanRuntime/7.29.0"
::1 - - [20/Jun/2022:18:21:58 +0000] "POST /api/v1/categories HTTP/1.1" 200 216 "-" "PostmanRuntime/7.29.0"
::1 - - [20/Jun/2022:18:22:06 +0000] "GET /api/v1/categories HTTP/1.1" 200 941 "-" "PostmanRuntime/7.29.0"
::1 - - [21/Jun/2022:10:15:12 +0000] "GET /api/v1/categories%20 HTTP/1.1" 404 159 "-" "PostmanRuntime/7.29.0"
::1 - - [21/Jun/2022:10:15:18 +0000] "GET /api/v1/categories HTTP/1.1" 200 1028 "-" "PostmanRuntime/7.29.0"
::1 - - [21/Jun/2022:10:19:33 +0000] "POST /api/v1/categories HTTP/1.1" 200 278 "-" "PostmanRuntime/7.29.0"
::1 - - [21/Jun/2022:10:19:40 +0000] "GET /api/v1/categories HTTP/1.1" 200 1283 "-" "PostmanRuntime/7.29.0"
::1 - - [21/Jun/2022:10:28:38 +0000] "GET /api/v1/categories/?name=java&avaragePrice=25000 HTTP/1.1" 200 1283 "-" "PostmanRuntime/7.29.0"
::1 - - [21/Jun/2022:10:29:30 +0000] "GET /api/v1/categories/?name=java&avaragePrice=25000 HTTP/1.1" 200 1283 "-" "PostmanRuntime/7.29.0"
::1 - - [21/Jun/2022:10:30:16 +0000] "GET /api/v1/categories/?name=java&avaragePrice=28250 HTTP/1.1" 200 218 "-" "PostmanRuntime/7.29.0"
::1 - - [21/Jun/2022:10:37:06 +0000] "GET /api/v1/categories/?avarageRating[$gte]=6&avaragePrice[$lte30000] HTTP/1.1" 200 1283 "-" "PostmanRuntime/7.29.0"
::1 - - [21/Jun/2022:10:37:27 +0000] "GET /api/v1/categories/?avarageRating[$gte]=6&avaragePrice[$lte]=30000 HTTP/1.1" 200 1283 "-" "PostmanRuntime/7.29.0"
::1 - - [21/Jun/2022:10:37:37 +0000] "GET /api/v1/categories/?avarageRating[$gte]=6&avaragePrice[$lte]=30000 HTTP/1.1" 200 1283 "-" "PostmanRuntime/7.29.0"
::1 - - [21/Jun/2022:10:38:41 +0000] "GET /api/v1/categories/?averagePrice[$lte]=30000&averageRating[$gte]=6 HTTP/1.1" 200 26 "-" "PostmanRuntime/7.29.0"
::1 - - [21/Jun/2022:10:38:57 +0000] "GET /api/v1/categories/?averageRating[$gte]=6&averagePrice[$lte]=30000 HTTP/1.1" 200 26 "-" "PostmanRuntime/7.29.0"
::1 - - [21/Jun/2022:10:39:11 +0000] "GET /api/v1/categories/?averageRating[$gte]=6&averagePrice[$lte]=30000 HTTP/1.1" 200 26 "-" "PostmanRuntime/7.29.0"
::1 - - [21/Jun/2022:10:39:25 +0000] "GET /api/v1/categories/?averageRating[$gte]=6&averagePrice[$lte]=50000 HTTP/1.1" 200 26 "-" "PostmanRuntime/7.29.0"
::1 - - [21/Jun/2022:10:39:52 +0000] "GET /api/v1/categories/?averageRating[$gte]=6&averagePrice[$lt]=50000 HTTP/1.1" 200 26 "-" "PostmanRuntime/7.29.0"
::1 - - [21/Jun/2022:10:39:59 +0000] "GET /api/v1/categories/?averageRating[$gte]=6 HTTP/1.1" 200 450 "-" "PostmanRuntime/7.29.0"
::1 - - [21/Jun/2022:10:40:29 +0000] "GET /api/v1/categories/?averageRating[$gte]=5 HTTP/1.1" 200 450 "-" "PostmanRuntime/7.29.0"
::1 - - [21/Jun/2022:10:41:00 +0000] "GET /api/v1/categories/?averageRating[$gte]=5&averagePrice[$lt]=50000 HTTP/1.1" 200 26 "-" "PostmanRuntime/7.29.0"
::1 - - [21/Jun/2022:10:41:02 +0000] "GET /api/v1/categories/?averageRating[$gte]=5&averagePrice[$lt]=50000 HTTP/1.1" 200 26 "-" "PostmanRuntime/7.29.0"
::1 - - [21/Jun/2022:10:41:03 +0000] "GET /api/v1/categories/?averageRating[$gte]=5&averagePrice[$lt]=50000 HTTP/1.1" 200 26 "-" "PostmanRuntime/7.29.0"
::1 - - [21/Jun/2022:10:41:11 +0000] "GET /api/v1/categories/?averageRating[$gte]=5&averagePrice[$gt]=50000 HTTP/1.1" 200 450 "-" "PostmanRuntime/7.29.0"
::1 - - [21/Jun/2022:11:13:57 +0000] "GET /api/v1/categories/?select=name%20slug%20averageRating HTTP/1.1" 200 565 "-" "PostmanRuntime/7.29.0"
::1 - - [26/Jun/2022:09:33:12 +0000] "GET /api/v1/categories/?select=name%20slug%20averageRating HTTP/1.1" 200 565 "-" "PostmanRuntime/7.29.0"
::1 - - [26/Jun/2022:09:42:21 +0000] "GET /api/v1/categories/?select=name%20slug%20averageRating&averageRating[$gt]=4&sort=name HTTP/1.1" 200 215 "-" "PostmanRuntime/7.29.0"
::1 - - [26/Jun/2022:09:42:51 +0000] "GET /api/v1/categories/?select=name%20slug%20averageRating&averageRating[$gt]=4&sort=-name HTTP/1.1" 200 215 "-" "PostmanRuntime/7.29.0"
::1 - - [26/Jun/2022:09:42:54 +0000] "GET /api/v1/categories/?select=name%20slug%20averageRating&averageRating[$gt]=4&sort=-name HTTP/1.1" 200 215 "-" "PostmanRuntime/7.29.0"
::1 - - [26/Jun/2022:09:42:59 +0000] "GET /api/v1/categories/?select=name%20slug%20averageRating&averageRating[$gt]=4&sort=-name HTTP/1.1" 200 215 "-" "PostmanRuntime/7.29.0"
::1 - - [26/Jun/2022:09:43:00 +0000] "GET /api/v1/categories/?select=name%20slug%20averageRating&averageRating[$gt]=4&sort=-name HTTP/1.1" 200 215 "-" "PostmanRuntime/7.29.0"
::1 - - [26/Jun/2022:09:43:01 +0000] "GET /api/v1/categories/?select=name%20slug%20averageRating&averageRating[$gt]=4&sort=-name HTTP/1.1" 200 215 "-" "PostmanRuntime/7.29.0"
::1 - - [26/Jun/2022:10:01:00 +0000] "GET /api/v1/categories/?select=name%20slug%20averageRating&averageRating[$gt]=4&sort=-name HTTP/1.1" 200 215 "-" "PostmanRuntime/7.29.0"
::1 - - [26/Jun/2022:10:01:02 +0000] "GET /api/v1/categories/?select=name%20slug%20averageRating&averageRating[$gt]=4&sort=-name HTTP/1.1" 200 215 "-" "PostmanRuntime/7.29.0"
::1 - - [26/Jun/2022:10:01:08 +0000] "GET /api/v1/categories/?select=name%20slug%20averageRating&averageRating[$gt]=4&sort=name HTTP/1.1" 200 215 "-" "PostmanRuntime/7.29.0"
::1 - - [28/Jun/2022:07:41:44 +0000] "GET /api/v1/categories/?select=name HTTP/1.1" 200 351 "-" "PostmanRuntime/7.29.0"
::1 - - [28/Jun/2022:07:42:45 +0000] "POST /api/v1/categories HTTP/1.1" 200 240 "-" "PostmanRuntime/7.29.0"
::1 - - [28/Jun/2022:07:42:52 +0000] "GET /api/v1/categories/?select=name HTTP/1.1" 200 406 "-" "PostmanRuntime/7.29.0"
::1 - - [28/Jun/2022:09:04:20 +0000] "GET /api/v1/categories/?select=name&page=2&limit=1 HTTP/1.1" 200 143 "-" "PostmanRuntime/7.29.0"
::1 - - [28/Jun/2022:09:05:32 +0000] "GET /api/v1/categories/?select=name&page=7&limit=1 HTTP/1.1" 200 135 "-" "PostmanRuntime/7.29.0"
::1 - - [28/Jun/2022:09:08:21 +0000] "GET /api/v1/categories/?select=name&page=1&limit=1 HTTP/1.1" 200 129 "-" "PostmanRuntime/7.29.0"
::1 - - [28/Jun/2022:09:08:30 +0000] "GET /api/v1/categories/?select=name&page=1&limit=2 HTTP/1.1" 200 179 "-" "PostmanRuntime/7.29.0"
::1 - - [28/Jun/2022:09:08:44 +0000] "GET /api/v1/categories/?select=name&page=4&limit=2 HTTP/1.1" 200 135 "-" "PostmanRuntime/7.29.0"
::1 - - [29/Jun/2022:08:46:36 +0000] "GET /api/v1/categories/?select=name&page=4&limit=2 HTTP/1.1" 200 145 "-" "PostmanRuntime/7.29.0"
::1 - - [29/Jun/2022:08:46:54 +0000] "GET /api/v1/categories/ HTTP/1.1" 200 1564 "-" "PostmanRuntime/7.29.0"
::1 - - [29/Jun/2022:08:48:27 +0000] "POST /api/v1/categories HTTP/1.1" 200 227 "-" "PostmanRuntime/7.29.0"
::1 - - [29/Jun/2022:08:48:33 +0000] "GET /api/v1/categories/ HTTP/1.1" 200 1768 "-" "PostmanRuntime/7.29.0"
::1 - - [29/Jun/2022:09:32:46 +0000] "GET /api/v1/categories/ HTTP/1.1" 200 1768 "-" "PostmanRuntime/7.29.0"
::1 - - [29/Jun/2022:11:22:58 +0000] "GET /api/v1/books HTTP/1.1" 404 151 "-" "PostmanRuntime/7.29.0"
::1 - - [29/Jun/2022:11:24:17 +0000] "GET /api/v1/books/ HTTP/1.1" 404 152 "-" "PostmanRuntime/7.29.0"
::1 - - [29/Jun/2022:11:25:07 +0000] "GET /api/v1/books HTTP/1.1" 200 28891 "-" "PostmanRuntime/7.29.0"
::1 - - [29/Jun/2022:11:28:57 +0000] "GET /api/v1/books HTTP/1.1" 200 28902 "-" "PostmanRuntime/7.29.0"
::1 - - [29/Jun/2022:11:33:42 +0000] "GET /api/v1/categories/ HTTP/1.1" 200 1768 "-" "PostmanRuntime/7.29.0"
::1 - - [29/Jun/2022:11:33:48 +0000] "GET /api/v1/books HTTP/1.1" 200 28902 "-" "PostmanRuntime/7.29.0"
::1 - - [29/Jun/2022:11:37:46 +0000] "GET /api/v1/categories/62ad8cc81f2dca3be8987d811 HTTP/1.1" 500 173 "-" "PostmanRuntime/7.29.0"
::1 - - [29/Jun/2022:11:38:01 +0000] "GET /api/v1/categories/62adfdf8fff1608e52fc9325 HTTP/1.1" 200 230 "-" "PostmanRuntime/7.29.0"
::1 - - [29/Jun/2022:11:38:09 +0000] "GET /api/v1/categories/62adfdf8fff1608e52fc9325/books HTTP/1.1" 200 28902 "-" "PostmanRuntime/7.29.0"
::1 - - [29/Jun/2022:11:39:22 +0000] "GET /api/v1/categories/62adfdf8fff1608e52fc9325/books HTTP/1.1" 200 36 "-" "PostmanRuntime/7.29.0"
::1 - - [29/Jun/2022:11:39:48 +0000] "GET /api/v1/categories/62bc1daa68f45a19facfcd19/books HTTP/1.1" 200 36 "-" "PostmanRuntime/7.29.0"
::1 - - [29/Jun/2022:11:39:50 +0000] "GET /api/v1/categories/62bc1daa68f45a19facfcd19/books HTTP/1.1" 200 36 "-" "PostmanRuntime/7.29.0"
::1 - - [29/Jun/2022:11:43:24 +0000] "GET /api/v1/categories/62bc1daa68f45a19facfcd19/books HTTP/1.1" 200 36 "-" "PostmanRuntime/7.29.0"
::1 - - [29/Jun/2022:11:43:27 +0000] "GET /api/v1/categories/62bc1daa68f45a19facfcd19/books HTTP/1.1" 200 36 "-" "PostmanRuntime/7.29.0"
::1 - - [29/Jun/2022:11:44:23 +0000] "GET /api/v1/categories/62bc1daa68f45a19facfcd19/books HTTP/1.1" 200 36 "-" "PostmanRuntime/7.29.0"
::1 - - [29/Jun/2022:11:44:29 +0000] "GET /api/v1/books HTTP/1.1" 200 28902 "-" "PostmanRuntime/7.29.0"
::1 - - [29/Jun/2022:11:44:49 +0000] "GET /api/v1/categories/62bc1daa68f45a19facfcd0b/books HTTP/1.1" 200 36 "-" "PostmanRuntime/7.29.0"
::1 - - [29/Jun/2022:11:44:50 +0000] "GET /api/v1/categories/62bc1daa68f45a19facfcd0b/books HTTP/1.1" 200 36 "-" "PostmanRuntime/7.29.0"
::1 - - [29/Jun/2022:11:46:02 +0000] "GET /api/v1/categories/62bc1daa68f45a19facfcd0b/books HTTP/1.1" 200 36 "-" "PostmanRuntime/7.29.0"
::1 - - [29/Jun/2022:11:46:04 +0000] "GET /api/v1/categories/62bc1daa68f45a19facfcd0b/books HTTP/1.1" 200 36 "-" "PostmanRuntime/7.29.0"
::1 - - [29/Jun/2022:11:51:07 +0000] "GET /api/v1/categories/62bc1daa68f45a19facfcd0b/books HTTP/1.1" 200 36 "-" "PostmanRuntime/7.29.0"
::1 - - [29/Jun/2022:11:51:43 +0000] "GET /api/v1/categories/62bc1daa68f45a19facfcd0b/books HTTP/1.1" 200 36 "-" "PostmanRuntime/7.29.0"
::1 - - [29/Jun/2022:11:52:31 +0000] "GET /api/v1/categories/62bab0f59c6e7a2c1bda1cbe/books HTTP/1.1" 200 36 "-" "PostmanRuntime/7.29.0"
::1 - - [29/Jun/2022:11:52:48 +0000] "GET /api/v1/categories/62ad8cc81f2dca3be8987d80/books HTTP/1.1" 200 36 "-" "PostmanRuntime/7.29.0"
::1 - - [29/Jun/2022:11:54:02 +0000] "GET /api/v1/categories/ HTTP/1.1" 200 1768 "-" "PostmanRuntime/7.29.0"
::1 - - [29/Jun/2022:11:54:07 +0000] "GET /api/v1/categories/62ad8cc81f2dca3be8987d80/books HTTP/1.1" 200 28902 "-" "PostmanRuntime/7.29.0"
::1 - - [29/Jun/2022:11:54:32 +0000] "GET /api/v1/categories/62bc1daa68f45a19facfcd19/books HTTP/1.1" 200 28902 "-" "PostmanRuntime/7.29.0"
::1 - - [29/Jun/2022:11:54:34 +0000] "GET /api/v1/categories/62bc1daa68f45a19facfcd19/books HTTP/1.1" 200 28902 "-" "PostmanRuntime/7.29.0"
::1 - - [29/Jun/2022:11:54:51 +0000] "GET /api/v1/categories/62bc1daa68f45a19facfcd19/books HTTP/1.1" 200 36 "-" "PostmanRuntime/7.29.0"
::1 - - [29/Jun/2022:12:00:19 +0000] "GET /api/v1/categories/62bc1daa68f45a19facfcd19/books HTTP/1.1" 200 36 "-" "PostmanRuntime/7.29.0"
::1 - - [29/Jun/2022:12:00:22 +0000] "GET /api/v1/categories/62bc1daa68f45a19facfcd19/books HTTP/1.1" 200 36 "-" "PostmanRuntime/7.29.0"
::1 - - [29/Jun/2022:12:00:38 +0000] "GET /api/v1/categories/62bc1daa68f45a19facfcd19/books HTTP/1.1" 200 36 "-" "PostmanRuntime/7.29.0"
::1 - - [29/Jun/2022:12:09:50 +0000] "GET /api/v1/categories/62bc1daa68f45a19facfcd19/books HTTP/1.1" 200 36 "-" "PostmanRuntime/7.29.0"
::1 - - [29/Jun/2022:12:09:51 +0000] "GET /api/v1/categories/62bc1daa68f45a19facfcd19/books HTTP/1.1" 200 36 "-" "PostmanRuntime/7.29.0"
::1 - - [29/Jun/2022:12:09:52 +0000] "GET /api/v1/categories/62bc1daa68f45a19facfcd19/books HTTP/1.1" 200 36 "-" "PostmanRuntime/7.29.0"
::1 - - [29/Jun/2022:12:09:53 +0000] "GET /api/v1/categories/62bc1daa68f45a19facfcd19/books HTTP/1.1" 200 36 "-" "PostmanRuntime/7.29.0"
::1 - - [29/Jun/2022:12:10:11 +0000] "GET /api/v1/categories/62bc1daa68f45a19facfcd19/ HTTP/1.1" 400 44 "-" "PostmanRuntime/7.29.0"
::1 - - [29/Jun/2022:12:10:15 +0000] "GET /api/v1/categories/62bc1daa68f45a19facfcd19 HTTP/1.1" 400 44 "-" "PostmanRuntime/7.29.0"
::1 - - [29/Jun/2022:12:10:17 +0000] "GET /api/v1/categories/62bc1daa68f45a19facfcd19 HTTP/1.1" 400 44 "-" "PostmanRuntime/7.29.0"
::1 - - [29/Jun/2022:12:10:49 +0000] "GET /api/v1/categories/62af5a5c2d8973b0a253596f/books HTTP/1.1" 200 7110 "-" "PostmanRuntime/7.29.0"
::1 - - [29/Jun/2022:16:12:22 +0000] "GET /api/v1/categories/62ad8cc81f2dca3be8987d80 HTTP/1.1" 200 241 "-" "PostmanRuntime/7.29.0"
::1 - - [29/Jun/2022:16:14:45 +0000] "GET /api/v1/books HTTP/1.1" 200 32191 "-" "PostmanRuntime/7.29.0"
::1 - - [29/Jun/2022:16:16:04 +0000] "GET /api/v1/books HTTP/1.1" 200 29391 "-" "PostmanRuntime/7.29.0"
::1 - - [29/Jun/2022:16:19:03 +0000] "GET /api/v1/books HTTP/1.1" 200 29769 "-" "PostmanRuntime/7.29.0"
::1 - - [29/Jun/2022:16:31:58 +0000] "GET /api/v1/books HTTP/1.1" 200 30867 "-" "PostmanRuntime/7.29.0"
::1 - - [29/Jun/2022:16:41:35 +0000] "GET /api/v1/books HTTP/1.1" 200 30918 "-" "PostmanRuntime/7.29.0"
::1 - - [29/Jun/2022:16:49:17 +0000] "GET /api/v1/categories/62ad8cc81f2dca3be8987d80 HTTP/1.1" 200 284 "-" "PostmanRuntime/7.29.0"
::1 - - [29/Jun/2022:16:49:37 +0000] "GET /api/v1/categories/62af5a5c2d8973b0a253596f HTTP/1.1" 200 7658 "-" "PostmanRuntime/7.29.0"
::1 - - [30/Jun/2022:11:23:23 +0000] "GET /api/v1/categories/62af5a5c2d8973b0a253596f HTTP/1.1" 200 7658 "-" "PostmanRuntime/7.29.0"
::1 - - [30/Jun/2022:12:26:16 +0000] "GET /api/v1/categories/ HTTP/1.1" 200 2024 "-" "PostmanRuntime/7.29.0"
::1 - - [30/Jun/2022:12:26:45 +0000] "DELETE /api/v1/categories/62bc11db5a26f5d098edbc50 HTTP/1.1" 200 259 "-" "PostmanRuntime/7.29.0"
::1 - - [30/Jun/2022:12:26:53 +0000] "GET /api/v1/books HTTP/1.1" 200 24082 "-" "PostmanRuntime/7.29.0"
::1 - - [01/Jul/2022:11:21:04 +0000] "GET /api/v1/books HTTP/1.1" 200 24082 "-" "PostmanRuntime/7.29.0"
::1 - - [01/Jul/2022:11:21:15 +0000] "GET /api/v1/books/62bc1daa68f45a19facfcd0b HTTP/1.1" 500 28 "-" "PostmanRuntime/7.29.0"
::1 - - [01/Jul/2022:11:21:22 +0000] "GET /api/v1/books HTTP/1.1" 200 24082 "-" "PostmanRuntime/7.29.0"
::1 - - [01/Jul/2022:11:21:47 +0000] "GET /api/v1/books/62bc1daa68f45a19facfcd0b HTTP/1.1" 500 28 "-" "PostmanRuntime/7.29.0"
::1 - - [01/Jul/2022:11:22:35 +0000] "GET /api/v1/books/62bc1daa68f45a19facfcd0b HTTP/1.1" 200 1951 "-" "PostmanRuntime/7.29.0"
::1 - - [01/Jul/2022:11:37:13 +0000] "POST /api/v1/books HTTP/1.1" 200 801 "-" "PostmanRuntime/7.29.0"
::1 - - [01/Jul/2022:11:39:46 +0000] "GET /api/v1/books HTTP/1.1" 200 24935 "-" "PostmanRuntime/7.29.0"
::1 - - [01/Jul/2022:11:41:46 +0000] "POST /api/v1/books HTTP/1.1" 500 171 "-" "PostmanRuntime/7.29.0"
::1 - - [02/Jul/2022:06:27:58 +0000] "GET /api/v1/books HTTP/1.1" 200 24935 "-" "PostmanRuntime/7.29.0"
::1 - - [02/Jul/2022:06:28:07 +0000] "GET /api/v1/books/62bc1daa68f45a19facfcd0b HTTP/1.1" 200 1949 "-" "PostmanRuntime/7.29.0"
::1 - - [02/Jul/2022:06:32:03 +0000] "DELETE /api/v1/books/62bc1daa68f45a19facfcd0b HTTP/1.1" 200 1949 "-" "PostmanRuntime/7.29.0"
::1 - - [02/Jul/2022:06:32:42 +0000] "GET /api/v1/books/62bc1daa68f45a19facfcd0b HTTP/1.1" 404 44 "-" "PostmanRuntime/7.29.0"
::1 - - [02/Jul/2022:06:43:29 +0000] "GET /api/v1/books HTTP/1.1" 200 22917 "-" "PostmanRuntime/7.29.0"
::1 - - [02/Jul/2022:06:43:46 +0000] "GET /api/v1/books/62bedc690b5359717b791b23 HTTP/1.1" 200 801 "-" "PostmanRuntime/7.29.0"
::1 - - [02/Jul/2022:06:44:09 +0000] "GET /api/v1/books/62bedc690b5359717b791b23 HTTP/1.1" 200 801 "-" "PostmanRuntime/7.29.0"
::1 - - [02/Jul/2022:06:44:19 +0000] "GET /api/v1/books/62bedc690b5359717b791b23 HTTP/1.1" 200 801 "-" "PostmanRuntime/7.29.0"
::1 - - [02/Jul/2022:06:44:20 +0000] "GET /api/v1/books/62bedc690b5359717b791b23 HTTP/1.1" 200 801 "-" "PostmanRuntime/7.29.0"
::1 - - [02/Jul/2022:06:44:47 +0000] "GET /api/v1/books/62bedc690b5359717b791b23 HTTP/1.1" 200 801 "-" "PostmanRuntime/7.29.0"
::1 - - [02/Jul/2022:06:45:02 +0000] "GET /api/v1/books/62bedc690b5359717b791b23 HTTP/1.1" 200 801 "-" "PostmanRuntime/7.29.0"
::1 - - [02/Jul/2022:06:45:14 +0000] "PUT /api/v1/books/62bedc690b5359717b791b23 HTTP/1.1" 200 752 "-" "PostmanRuntime/7.29.0"
::1 - - [05/Jul/2022:07:19:32 +0000] "GET /api/v1/categories/ HTTP/1.1" 200 1799 "-" "PostmanRuntime/7.29.0"
::1 - - [05/Jul/2022:07:19:46 +0000] "GET /api/v1/books HTTP/1.1" 200 36 "-" "PostmanRuntime/7.29.0"
::1 - - [05/Jul/2022:07:20:19 +0000] "GET /api/v1/books HTTP/1.1" 200 36 "-" "PostmanRuntime/7.29.0"
::1 - - [05/Jul/2022:07:22:42 +0000] "GET /api/v1/books HTTP/1.1" 200 36 "-" "PostmanRuntime/7.29.0"
::1 - - [05/Jul/2022:07:22:55 +0000] "GET /api/v1/books HTTP/1.1" 200 36 "-" "PostmanRuntime/7.29.0"
::1 - - [05/Jul/2022:07:23:07 +0000] "POST /api/v1/books HTTP/1.1" 500 28 "-" "PostmanRuntime/7.29.0"
::1 - - [05/Jul/2022:07:24:40 +0000] "POST /api/v1/books HTTP/1.1" 400 216 "-" "PostmanRuntime/7.29.0"
::1 - - [05/Jul/2022:07:24:48 +0000] "GET /api/v1/books HTTP/1.1" 200 895 "-" "PostmanRuntime/7.29.0"
::1 - - [05/Jul/2022:07:25:26 +0000] "POST /api/v1/books HTTP/1.1" 500 28 "-" "PostmanRuntime/7.29.0"
::1 - - [05/Jul/2022:07:26:59 +0000] "POST /api/v1/books HTTP/1.1" 200 796 "-" "PostmanRuntime/7.29.0"
::1 - - [06/Jul/2022:08:57:04 +0000] "POST /api/v1/books HTTP/1.1" 400 211 "-" "PostmanRuntime/7.29.0"
::1 - - [06/Jul/2022:08:57:12 +0000] "POST /api/v1/books HTTP/1.1" 200 796 "-" "PostmanRuntime/7.29.0"
::1 - - [06/Jul/2022:08:57:28 +0000] "POST /api/v1/books HTTP/1.1" 200 802 "-" "PostmanRuntime/7.29.0"
::1 - - [06/Jul/2022:09:42:58 +0000] "GET /api/v1/categories/ HTTP/1.1" 200 1672 "-" "PostmanRuntime/7.29.0"
::1 - - [06/Jul/2022:09:43:30 +0000] "POST /api/v1/books HTTP/1.1" 200 803 "-" "PostmanRuntime/7.29.0"
::1 - - [06/Jul/2022:09:43:42 +0000] "GET /api/v1/categories/ HTTP/1.1" 200 1693 "-" "PostmanRuntime/7.29.0"
::1 - - [06/Jul/2022:09:44:38 +0000] "POST /api/v1/books HTTP/1.1" 200 802 "-" "PostmanRuntime/7.29.0"
::1 - - [06/Jul/2022:09:44:43 +0000] "GET /api/v1/categories/ HTTP/1.1" 200 1692 "-" "PostmanRuntime/7.29.0"
::1 - - [06/Jul/2022:09:46:29 +0000] "POST /api/v1/books HTTP/1.1" 200 803 "-" "PostmanRuntime/7.29.0"
::1 - - [06/Jul/2022:09:46:35 +0000] "GET /api/v1/categories/ HTTP/1.1" 200 1705 "-" "PostmanRuntime/7.29.0"
::1 - - [06/Jul/2022:09:46:42 +0000] "GET /api/v1/books HTTP/1.1" 200 2656 "-" "PostmanRuntime/7.29.0"
::1 - - [06/Jul/2022:09:46:58 +0000] "GET /api/v1/books/62c559f44e9a2b82ac99fdb9 HTTP/1.1" 200 803 "-" "PostmanRuntime/7.29.0"
::1 - - [06/Jul/2022:09:47:02 +0000] "GET /api/v1/categories/ HTTP/1.1" 200 1705 "-" "PostmanRuntime/7.29.0"
::1 - - [06/Jul/2022:09:47:10 +0000] "GET /api/v1/books HTTP/1.1" 200 2656 "-" "PostmanRuntime/7.29.0"
::1 - - [06/Jul/2022:09:47:26 +0000] "DELETE /api/v1/books/62c559f44e9a2b82ac99fdb9 HTTP/1.1" 200 803 "-" "PostmanRuntime/7.29.0"
::1 - - [06/Jul/2022:09:47:33 +0000] "GET /api/v1/categories/ HTTP/1.1" 200 1692 "-" "PostmanRuntime/7.29.0"
::1 - - [06/Jul/2022:11:42:27 +0000] "GET /api/v1/books/62bedc690b5359717b791b23 HTTP/1.1" 404 44 "-" "PostmanRuntime/7.29.0"
::1 - - [06/Jul/2022:11:42:33 +0000] "GET /api/v1/books HTTP/1.1" 200 31567 "-" "PostmanRuntime/7.29.0"
::1 - - [06/Jul/2022:11:42:45 +0000] "GET /api/v1/books/62c571dfe5f5760216ea0391 HTTP/1.1" 200 1880 "-" "PostmanRuntime/7.29.0"
::1 - - [06/Jul/2022:11:44:35 +0000] "PUT /api/v1/books/62c571dfe5f5760216ea0391/photo HTTP/1.1" 200 - "-" "PostmanRuntime/7.29.0"
::1 - - [06/Jul/2022:12:41:27 +0000] "PUT /api/v1/books/62c571dfe5f5760216ea0391/photo HTTP/1.1" 400 44 "-" "PostmanRuntime/7.29.0"
::1 - - [06/Jul/2022:12:56:34 +0000] "PUT /api/v1/books/62c571dfe5f5760216ea0391/photo HTTP/1.1" 500 28 "-" "PostmanRuntime/7.29.0"
::1 - - [06/Jul/2022:12:57:52 +0000] "PUT /api/v1/books/62c571dfe5f5760216ea0391/photo HTTP/1.1" 500 28 "-" "PostmanRuntime/7.29.0"
::1 - - [06/Jul/2022:12:57:54 +0000] "PUT /api/v1/books/62c571dfe5f5760216ea0391/photo HTTP/1.1" 500 28 "-" "PostmanRuntime/7.29.0"
::1 - - [06/Jul/2022:12:57:55 +0000] "PUT /api/v1/books/62c571dfe5f5760216ea0391/photo HTTP/1.1" 500 28 "-" "PostmanRuntime/7.29.0"
::1 - - [06/Jul/2022:12:58:11 +0000] "PUT /api/v1/books/62c571dfe5f5760216ea0391/photo HTTP/1.1" 500 28 "-" "PostmanRuntime/7.29.0"
::1 - - [06/Jul/2022:12:59:03 +0000] "PUT /api/v1/books/62c571dfe5f5760216ea0391/photo HTTP/1.1" 400 44 "-" "PostmanRuntime/7.29.0"
::1 - - [06/Jul/2022:13:00:05 +0000] "PUT /api/v1/books/62c571dfe5f5760216ea0391/photo HTTP/1.1" 200 - "-" "PostmanRuntime/7.29.0"
::1 - - [06/Jul/2022:13:05:25 +0000] "PUT /api/v1/books/62c571dfe5f5760216ea0391/photo HTTP/1.1" 200 60 "-" "PostmanRuntime/7.29.0"
::1 - - [08/Jul/2022:15:08:06 +0000] "PUT /api/v1/books/62c571dfe5f5760216ea0391/photo HTTP/1.1" 200 60 "-" "PostmanRuntime/7.29.0"
::1 - - [08/Jul/2022:15:09:03 +0000] "GET /api/v1/books/62c571dfe5f5760216ea0391/photo HTTP/1.1" 404 182 "-" "PostmanRuntime/7.29.0"
::1 - - [08/Jul/2022:15:09:10 +0000] "GET /api/v1/books/62c571dfe5f5760216ea0391 HTTP/1.1" 200 1903 "-" "PostmanRuntime/7.29.0"
::1 - - [08/Jul/2022:15:11:26 +0000] "GET /api/v1/books HTTP/1.1" 200 31590 "-" "PostmanRuntime/7.29.0"
::1 - - [08/Jul/2022:15:11:45 +0000] "GET /api/v1/books/62c571dfe5f5760216ea0392 HTTP/1.1" 200 1949 "-" "PostmanRuntime/7.29.0"
::1 - - [08/Jul/2022:15:12:31 +0000] "PUT /api/v1/books/62c571dfe5f5760216ea0392/photo HTTP/1.1" 200 60 "-" "PostmanRuntime/7.29.0"
::1 - - [08/Jul/2022:15:13:03 +0000] "GET /api/v1/books/62c571dfe5f5760216ea0392 HTTP/1.1" 200 1972 "-" "PostmanRuntime/7.29.0"
::1 - - [08/Jul/2022:15:22:02 +0000] "GET /api/v1/books HTTP/1.1" 200 31613 "-" "PostmanRuntime/7.29.0"
::1 - - [08/Jul/2022:15:22:19 +0000] "GET /api/v1/categories HTTP/1.1" 200 1755 "-" "PostmanRuntime/7.29.0"
::1 - - [08/Jul/2022:15:24:04 +0000] "GET /api/v1/categories?select=name%20averagePrice%20averageRating&sort=averageRating-averagePrice&limit=3&page=1%20 HTTP/1.1" 200 449 "-" "PostmanRuntime/7.29.0"
::1 - - [08/Jul/2022:15:24:14 +0000] "GET /api/v1/categories?select=name%20averagePrice%20averageRating&sort=averageRating-averagePrice&limit=3&page=2 HTTP/1.1" 200 471 "-" "PostmanRuntime/7.29.0"
::1 - - [08/Jul/2022:15:24:21 +0000] "GET /api/v1/categories?select=name%20averagePrice%20averageRating&sort=averageRating-averagePrice&limit=3&page=3 HTTP/1.1" 200 91 "-" "PostmanRuntime/7.29.0"
::1 - - [08/Jul/2022:15:24:29 +0000] "GET /api/v1/categories?select=name%20averagePrice%20averageRating&sort=averageRating-averagePrice&limit=3&page=2 HTTP/1.1" 200 471 "-" "PostmanRuntime/7.29.0"
::1 - - [08/Jul/2022:15:38:17 +0000] "GET /api/v1/books HTTP/1.1" 200 31613 "-" "PostmanRuntime/7.29.0"
::1 - - [08/Jul/2022:15:38:32 +0000] "GET /api/v1/categories/62af5a5c2d8973b0a253596f HTTP/1.1" 200 279 "-" "PostmanRuntime/7.29.0"
::1 - - [08/Jul/2022:15:38:55 +0000] "GET /api/v1/categories/62af5a5c2d8973b0a253596f/bools HTTP/1.1" 404 187 "-" "PostmanRuntime/7.29.0"
::1 - - [08/Jul/2022:15:38:59 +0000] "GET /api/v1/categories/62af5a5c2d8973b0a253596f/books HTTP/1.1" 200 36 "-" "PostmanRuntime/7.29.0"
::1 - - [08/Jul/2022:15:39:08 +0000] "GET /api/v1/categories/62af5a5c2d8973b0a253596f HTTP/1.1" 200 279 "-" "PostmanRuntime/7.29.0"
