::1 - - [14/Jun/2022:10:00:38 +0000] "POST /api/v1/categories/ HTTP/1.1" 200 31 "-" "PostmanRuntime/7.29.0"
::1 - - [14/Jun/2022:11:02:42 +0000] "GET /api/v1/categories HTTP/1.1" 200 67 "-" "PostmanRuntime/7.29.0"
::1 - - [14/Jun/2022:11:02:44 +0000] "GET /api/v1/categories HTTP/1.1" 200 67 "-" "PostmanRuntime/7.29.0"
::1 - - [14/Jun/2022:11:04:12 +0000] "GET /api/v1/categories/12 HTTP/1.1" 200 44 "-" "PostmanRuntime/7.29.0"
::1 - - [14/Jun/2022:11:06:00 +0000] "POST /api/v1/categories HTTP/1.1" 200 31 "-" "PostmanRuntime/7.29.0"
::1 - - [14/Jun/2022:11:06:32 +0000] "PUT /api/v1/categories/12 HTTP/1.1" 200 50 "-" "PostmanRuntime/7.29.0"
::1 - - [14/Jun/2022:11:06:53 +0000] "DELETE /api/v1/categories/12 HTTP/1.1" 200 41 "-" "PostmanRuntime/7.29.0"
::1 - - [16/Jun/2022:06:40:59 +0000] "DELETE /api/v1/categories/12 HTTP/1.1" 200 41 "-" "PostmanRuntime/7.29.0"
::1 - - [18/Jun/2022:07:57:46 +0000] "GET /api/v1/categories HTTP/1.1" 200 67 "-" "PostmanRuntime/7.29.0"
::1 - - [18/Jun/2022:07:57:51 +0000] "DELETE /api/v1/categories/1231 HTTP/1.1" 200 43 "-" "PostmanRuntime/7.29.0"
::1 - - [18/Jun/2022:08:05:11 +0000] "POST /api/v1/categories HTTP/1.1" 200 31 "-" "PostmanRuntime/7.29.0"
::1 - - [18/Jun/2022:08:08:48 +0000] "POST /api/v1/categories HTTP/1.1" 200 32 "-" "PostmanRuntime/7.29.0"
::1 - - [18/Jun/2022:08:26:25 +0000] "POST /api/v1/categories HTTP/1.1" 200 437 "-" "PostmanRuntime/7.29.0"
::1 - - [18/Jun/2022:08:28:57 +0000] "POST /api/v1/categories HTTP/1.1" 200 182 "-" "PostmanRuntime/7.29.0"
::1 - - [18/Jun/2022:08:32:03 +0000] "POST /api/v1/categories HTTP/1.1" 400 106 "-" "PostmanRuntime/7.29.0"
::1 - - [18/Jun/2022:08:33:50 +0000] "POST /api/v1/categories HTTP/1.1" 400 106 "-" "PostmanRuntime/7.29.0"
::1 - - [18/Jun/2022:08:33:59 +0000] "POST /api/v1/categories HTTP/1.1" 200 180 "-" "PostmanRuntime/7.29.0"
::1 - - [18/Jun/2022:15:25:08 +0000] "GET /api/v1/categories HTTP/1.1" 200 341 "-" "PostmanRuntime/7.29.0"
::1 - - [18/Jun/2022:15:47:51 +0000] "GET /api/v1/categories/12 HTTP/1.1" 400 250 "-" "PostmanRuntime/7.29.0"
::1 - - [18/Jun/2022:15:49:00 +0000] "GET /api/v1/categories/62ad8cc81f2dca3be8987d80 HTTP/1.1" 200 182 "-" "PostmanRuntime/7.29.0"
::1 - - [18/Jun/2022:15:50:27 +0000] "GET /api/v1/categories/62ad8cc81f2dca3be8987d81 HTTP/1.1" 200 28 "-" "PostmanRuntime/7.29.0"
::1 - - [18/Jun/2022:15:51:16 +0000] "GET /api/v1/categories/62ad8cc81f2dca3be8987d81 HTTP/1.1" 400 39 "-" "PostmanRuntime/7.29.0"
::1 - - [18/Jun/2022:15:52:07 +0000] "GET /api/v1/categories/62ad8cc81f2dca3be8987d81 HTTP/1.1" 400 29 "-" "PostmanRuntime/7.29.0"
::1 - - [18/Jun/2022:15:52:55 +0000] "GET /api/v1/categories/62ad8cc81f2dca3be8987d81 HTTP/1.1" 400 29 "-" "PostmanRuntime/7.29.0"
::1 - - [18/Jun/2022:15:53:31 +0000] "GET /api/v1/categories/62ad8cc81f2dca3be8987d81 HTTP/1.1" 400 71 "-" "PostmanRuntime/7.29.0"
::1 - - [18/Jun/2022:15:53:35 +0000] "GET /api/v1/categories/62ad8cc81f2dca3be8987d80 HTTP/1.1" 200 182 "-" "PostmanRuntime/7.29.0"
::1 - - [18/Jun/2022:15:54:21 +0000] "GET /api/v1/categories/62ad8cc81f2dca3be8987d80 HTTP/1.1" 200 182 "-" "PostmanRuntime/7.29.0"
::1 - - [18/Jun/2022:15:54:26 +0000] "GET /api/v1/categories/62ad8cc81f2dca3be8987d81 HTTP/1.1" 400 71 "-" "PostmanRuntime/7.29.0"
