::1 - - [18/Jun/2022:16:10:47 +0000] "GET /api/v1/categories/62ad8cc81f2dca3be8987d81 HTTP/1.1" 400 71 "-" "PostmanRuntime/7.29.0"
::1 - - [18/Jun/2022:16:11:00 +0000] "GET /api/v1/categories/62ad8cc81f2dca3be8987d80 HTTP/1.1" 200 182 "-" "PostmanRuntime/7.29.0"
::1 - - [18/Jun/2022:16:18:55 +0000] "DELETE /api/v1/categories/1231 HTTP/1.1" 400 256 "-" "PostmanRuntime/7.29.0"
::1 - - [18/Jun/2022:16:19:22 +0000] "DELETE /api/v1/categories/62ad8df75764439218aba813 HTTP/1.1" 200 180 "-" "PostmanRuntime/7.29.0"
::1 - - [18/Jun/2022:16:19:26 +0000] "GET /api/v1/categories HTTP/1.1" 200 184 "-" "PostmanRuntime/7.29.0"
::1 - - [18/Jun/2022:16:20:28 +0000] "DELETE /api/v1/categories/62ad8df75764439218aba811 HTTP/1.1" 400 71 "-" "PostmanRuntime/7.29.0"
::1 - - [18/Jun/2022:16:27:53 +0000] "PUT /api/v1/categories/12 HTTP/1.1" 400 250 "-" "PostmanRuntime/7.29.0"
::1 - - [18/Jun/2022:16:28:08 +0000] "PUT /api/v1/categories/62ad8cc81f2dca3be8987d80 HTTP/1.1" 200 178 "-" "PostmanRuntime/7.29.0"
::1 - - [18/Jun/2022:16:28:29 +0000] "GET /api/v1/categories HTTP/1.1" 200 180 "-" "PostmanRuntime/7.29.0"
::1 - - [18/Jun/2022:16:29:06 +0000] "PUT /api/v1/categories/62ad8cc81f2dca3be8987d80 HTTP/1.1" 200 178 "-" "PostmanRuntime/7.29.0"
::1 - - [18/Jun/2022:16:29:10 +0000] "GET /api/v1/categories HTTP/1.1" 200 180 "-" "PostmanRuntime/7.29.0"
::1 - - [18/Jun/2022:16:29:44 +0000] "PUT /api/v1/categories/62ad8cc81f2dca3be8987d80 HTTP/1.1" 400 790 "-" "PostmanRuntime/7.29.0"
::1 - - [18/Jun/2022:16:30:04 +0000] "PUT /api/v1/categories/62ad8cc81f2dca3be8987d80 HTTP/1.1" 200 178 "-" "PostmanRuntime/7.29.0"
::1 - - [18/Jun/2022:16:30:38 +0000] "PUT /api/v1/categories/62ad8cc81f2dca3be8987d80 HTTP/1.1" 200 179 "-" "PostmanRuntime/7.29.0"
::1 - - [18/Jun/2022:16:30:47 +0000] "PUT /api/v1/categories/62ad8cc81f2dca3be8987d80 HTTP/1.1" 200 181 "-" "PostmanRuntime/7.29.0"
::1 - - [18/Jun/2022:16:31:02 +0000] "PUT /api/v1/categories/62ad8cc81f2dca3be8987d82 HTTP/1.1" 400 71 "-" "PostmanRuntime/7.29.0"
::1 - - [18/Jun/2022:16:31:07 +0000] "PUT /api/v1/categories/62ad8cc81f2dca3be8987d80 HTTP/1.1" 200 181 "-" "PostmanRuntime/7.29.0"
::1 - - [18/Jun/2022:16:31:53 +0000] "POST /api/v1/categories HTTP/1.1" 200 170 "-" "PostmanRuntime/7.29.0"
::1 - - [18/Jun/2022:16:31:57 +0000] "GET /api/v1/categories HTTP/1.1" 200 330 "-" "PostmanRuntime/7.29.0"
::1 - - [18/Jun/2022:16:45:27 +0000] "GET /api/v1/categories/62ad8cc81f2dca3be8987d81 HTTP/1.1" 400 71 "-" "PostmanRuntime/7.29.0"
::1 - - [18/Jun/2022:16:45:33 +0000] "GET /api/v1/categories/62ad8cc81f2dca3be8987d80 HTTP/1.1" 200 181 "-" "PostmanRuntime/7.29.0"
::1 - - [18/Jun/2022:16:45:46 +0000] "DELETE /api/v1/categories/62ad8df75764439218aba811 HTTP/1.1" 400 71 "-" "PostmanRuntime/7.29.0"
